This is pdfTeX, Version 3.1415926-1.40.10 (MiKTeX 2.8) (preloaded format=pdflatex 2010.3.4)  13 APR 2010 09:24
entering extended mode
**D:/Skola/AI/mushai/Project*proposal/proposal.tex
("D:/Skola/AI/mushai/Project proposal/proposal.tex"
LaTeX2e <2005/12/01>
Babel <v3.8l> and hyphenation patterns for english, dumylang, nohyphenation, ge
rman, ngerman, german-x-2009-06-19, ngerman-x-2009-06-19, french, loaded.
("D:\Program Files\MiKTeX 2.8\tex\latex\base\article.cls"
Document Class: article 2005/09/16 v1.4f Standard LaTeX document class
("D:\Program Files\MiKTeX 2.8\tex\latex\base\size10.clo"
File: size10.clo 2005/09/16 v1.4f Standard LaTeX file (size option)
)
\c@part=\count79
\c@section=\count80
\c@subsection=\count81
\c@subsubsection=\count82
\c@paragraph=\count83
\c@subparagraph=\count84
\c@figure=\count85
\c@table=\count86
\abovecaptionskip=\skip41
\belowcaptionskip=\skip42
\bibindent=\dimen102
)
("D:\Skola\AI\mushai\Project proposal\proposal.sty"
IEEE 8.5 x 11-Inch Proceedings Style `latex8.sty'.
\@ctmp=\skip43
\@figindent=\skip44
) ("D:\Program Files\MiKTeX 2.8\tex\latex\psnfss\times.sty"
Package: times 2005/04/12 PSNFSS-v9.2a (SPQR) 
)
("D:\Program Files\MiKTeX 2.8\tex\latex\ltxmisc\url.sty"
\Urlmuskip=\muskip10
Package: url 2006/04/12  ver 3.3  Verb mode for urls, etc.
)

LaTeX Warning: Unused global option(s):
    [times].

("D:\Skola\AI\mushai\Project proposal\proposal.aux")
LaTeX Font Info:    Checking defaults for OML/cmm/m/it on input line 20.
LaTeX Font Info:    ... okay on input line 20.
LaTeX Font Info:    Checking defaults for T1/cmr/m/n on input line 20.
LaTeX Font Info:    ... okay on input line 20.
LaTeX Font Info:    Checking defaults for OT1/cmr/m/n on input line 20.
LaTeX Font Info:    ... okay on input line 20.
LaTeX Font Info:    Checking defaults for OMS/cmsy/m/n on input line 20.
LaTeX Font Info:    ... okay on input line 20.
LaTeX Font Info:    Checking defaults for OMX/cmex/m/n on input line 20.
LaTeX Font Info:    ... okay on input line 20.
LaTeX Font Info:    Checking defaults for U/cmr/m/n on input line 20.
LaTeX Font Info:    ... okay on input line 20.
LaTeX Font Info:    Try loading font information for OT1+ptm on input line 20.

("D:\Program Files\MiKTeX 2.8\tex\latex\psnfss\ot1ptm.fd"
File: ot1ptm.fd 2001/06/04 font definitions for OT1/ptm.
)
LaTeX Font Info:    Font shape `OT1/ptm/bx/n' in size <14.4> not available
(Font)              Font shape `OT1/ptm/b/n' tried instead on input line 44.
LaTeX Font Info:    External font `cmex10' loaded for size
(Font)              <12> on input line 44.
LaTeX Font Info:    External font `cmex10' loaded for size
(Font)              <8> on input line 44.
LaTeX Font Info:    External font `cmex10' loaded for size
(Font)              <6> on input line 44.
LaTeX Font Info:    Font shape `OT1/ptm/bx/n' in size <12> not available
(Font)              Font shape `OT1/ptm/b/n' tried instead on input line 47.

Underfull \hbox (badness 1221) in paragraph at lines 89--90
\OT1/ptm/m/n/10 theoretic value (first-player win, second-player win or
 []

LaTeX Font Info:    Try loading font information for OMS+ptm on input line 99.
("D:\Program Files\MiKTeX 2.8\tex\latex\psnfss\omsptm.fd"
File: omsptm.fd 
)
LaTeX Font Info:    Font shape `OMS/ptm/m/n' in size <10> not available
(Font)              Font shape `OMS/cmsy/m/n' tried instead on input line 99.
LaTeX Font Info:    Font shape `OT1/ptm/bx/n' in size <10> not available
(Font)              Font shape `OT1/ptm/b/n' tried instead on input line 103.
 [1{C:/ProgramData/MiKTeX/2.8/pdftex/config/pdftex.map}


]
LaTeX Font Info:    Try loading font information for OT1+pcr on input line 126.


("D:\Program Files\MiKTeX 2.8\tex\latex\psnfss\ot1pcr.fd"
File: ot1pcr.fd 2001/06/04 font definitions for OT1/pcr.
)
LaTeX Font Info:    External font `cmex10' loaded for size
(Font)              <7> on input line 126.
LaTeX Font Info:    External font `cmex10' loaded for size
(Font)              <5> on input line 126.

Underfull \hbox (badness 10000) in paragraph at lines 126--127
[]$\OT1/pcr/m/n/10 http : / / code . google . com / p / mushai / wiki /$
 []

("D:\Skola\AI\mushai\Project proposal\proposal.bbl") [2

]
("D:\Skola\AI\mushai\Project proposal\proposal.aux") ) 
Here is how much of TeX's memory you used:
 439 strings out of 495285
 5571 string characters out of 3180395
 53445 words of memory out of 3000000
 3679 multiletter control sequences out of 15000+200000
 21243 words of font info for 44 fonts, out of 3000000 for 9000
 14 hyphenation exceptions out of 8191
 23i,7n,19p,451b,225s stack positions out of 5000i,500n,10000p,200000b,50000s
{D:/Program Files/MiKTeX 
2.8/fonts/enc/dvips/fontname/8r.enc}<D:/Program Files/MiKTeX 2.8/fonts/type1/pu
blic/amsfonts/cm/cmbx10.pfb><D:/Program Files/MiKTeX 2.8/fonts/type1/public/ams
fonts/cm/cmsy10.pfb><D:/Program Files/MiKTeX 2.8/fonts/type1/urw/courier/ucrr8a
.pfb><D:/Program Files/MiKTeX 2.8/fonts/type1/urw/times/utmb8a.pfb><D:/Program 
Files/MiKTeX 2.8/fonts/type1/urw/times/utmr8a.pfb><D:/Program Files/MiKTeX 2.8/
fonts/type1/urw/times/utmri8a.pfb>
Output written on proposal.pdf (2 pages, 82465 bytes).
PDF statistics:
 34 PDF objects out of 1000 (max. 8388607)
 0 named destinations out of 1000 (max. 500000)
 1 words of extra memory for PDF output out of 10000 (max. 10000000)

